22 May 2021:
- Changed the default font-family on the theme to Roboto.
- Removed the comments section from blog posts.

5 Dec 2020:
- Hardcoded the KB fav icon links into the header.php file

19 Nov 2018:
- Cleaned up the newsletter subscription box CSS and made it pretty
- Fixed the navigation moving element when hovering over it
- Added PHO code to display the Copyright year automatically
- Added 'Mailing list' link on the left side of the navigation bar
- Made styling changes in the Blog area

5 Nov 2017:
 - added Lines 133-136 in style.css to move unordered list to the right by 3rems
 - changed Line 135 (margin-bottom for h3 tag) in skeleton.css from 2.0rem to 1.0rem
 - swapped around skeleton.css (to Line 5) and style.css (to Line 6) functions so that style.css can override skeleton.css values
 - added Lines 133-135 setting h1 tag font-size to 4.0rem (to override skeleton.css value of 5.0rem)
 - added <?php comments_template(); ?> on Line 15 in single-blog.php to enable comments for the blog posts
 - created comments.php file
4 Nov 2017:
 - commented out Line 127 in css/skeleton.css to allow font-family setting to be taken from style.css body attribute
